<?xml version="1.0" encoding="UTF-8"?>
<!-- Generated by org.testng.reporters.JUnitReportReporter -->
<testsuite hostname="bilok-ПК" failures="0" tests="5" name="task3.RunTest3" time="697.204" errors="0" timestamp="12 лют. 2018 12:19:46 GMT" skipped="0">
  <testcase classname="task3.RunTest3" name="GmailTest" time="102.193"/>
  <testcase classname="task3.RunTest3" name="GmailTest" time="99.044"/>
  <testcase classname="task3.RunTest3" name="GmailTest" time="190.719"/>
  <testcase classname="task3.RunTest3" name="GmailTest" time="111.859"/>
  <testcase classname="task3.RunTest3" name="GmailTest" time="193.389"/>
</testsuite> <!-- task3.RunTest3 -->
